<?xml version="1.0" encoding="UTF-8"?>
<testng-results ignored="0" total="1" passed="1" failed="0" skipped="0">
  <reporter-output>
  </reporter-output>
  <suite started-at="2024-08-11T17:39:52 IST" name="Default suite" finished-at="2024-08-11T17:40:36 IST" duration-ms="43655">
    <groups>
    </groups>
    <test started-at="2024-08-11T17:39:52 IST" name="Default test" finished-at="2024-08-11T17:40:36 IST" duration-ms="43655">
      <class name="test.Clarttest">
        <test-method is-config="true" signature="precondition()[pri:0, instance:test.Clarttest@470734c3]" started-at="2024-08-11T17:39:52 IST" name="precondition" finished-at="2024-08-11T17:40:04 IST" duration-ms="12111" status="PASS">
          <reporter-output>
          </reporter-output>
        </test-method> <!-- precondition -->
        <test-method signature="test()[pri:0, instance:test.Clarttest@470734c3]" started-at="2024-08-11T17:40:05 IST" name="test" finished-at="2024-08-11T17:40:35 IST" duration-ms="30696" status="PASS">
          <reporter-output>
          </reporter-output>
        </test-method> <!-- test -->
        <test-method is-config="true" signature="postcondition()[pri:0, instance:test.Clarttest@470734c3]" started-at="2024-08-11T17:40:35 IST" name="postcondition" finished-at="2024-08-11T17:40:36 IST" duration-ms="703" status="PASS">
          <reporter-output>
          </reporter-output>
        </test-method> <!-- postcondition -->
      </class> <!-- test.Clarttest -->
    </test> <!-- Default test -->
  </suite> <!-- Default suite -->
</testng-results>
